<?xml version="1.0" encoding="UTF-8"?>
<!-- Generated by org.testng.reporters.JUnitReportReporter -->
<testsuite hostname="azmi" failures="0" tests="2" name="testcases.Login" time="56.068" errors="0" timestamp="2023-05-05T19:02:09 CET" skipped="0">
  <testcase classname="testcases.Login" name="Login_with_valid_Credentilials" time="30.159"/>
  <system-out/>
  <testcase classname="testcases.Login" name="Login_with_invalid_Credentilials" time="25.909"/>
  <system-out/>
</testsuite> <!-- testcases.Login -->
