<?xml version="1.0" encoding="UTF-8"?>
<!-- Generated by org.testng.reporters.JUnitReportReporter -->
<testsuite hostname="azmi" failures="0" tests="2" name="testcases.Login" time="107.700" errors="0" timestamp="2023-05-05T19:24:10 CET" skipped="0">
  <testcase classname="testcases.Login" name="Login_with_valid_Credentilials" time="35.254"/>
  <system-out/>
  <testcase classname="testcases.Login" name="Login_with_invalid_Credentilials" time="72.446"/>
  <system-out/>
</testsuite> <!-- testcases.Login -->
