<?xml version="1.0" encoding="UTF-8"?>
<!-- Generated by org.testng.reporters.JUnitReportReporter -->
<testsuite hostname="azmi" failures="0" tests="3" name="testcases.Register" time="26.926" errors="0" timestamp="2023-05-10T15:20:34 CET" skipped="0">
  <testcase classname="testcases.Register" name="registering_an_account_with_mandatory_fields" time="10.135"/>
  <system-out/>
  <testcase classname="testcases.Register" name="verify_Registering_Account_By_providin_All_fields" time="7.847"/>
  <system-out/>
  <testcase classname="testcases.Register" name="verify_Registering_Account_with_existing_email_address" time="8.944"/>
  <system-out/>
</testsuite> <!-- testcases.Register -->
