<?xml version="1.0" encoding="UTF-8"?>
<!-- Generated by org.testng.reporters.JUnitReportReporter -->
<testsuite hostname="azmi" failures="0" tests="1" name="testcases.Register" time="74.505" errors="0" timestamp="2023-05-05T22:46:59 CET" skipped="0">
  <testcase classname="testcases.Register" name="registering_an_account_with_mandatory_fields" time="74.505"/>
  <system-out/>
</testsuite> <!-- testcases.Register -->
